<?xml version="1.0" encoding="UTF-8"?>
<!-- Generated by org.testng.reporters.JUnitReportReporter -->
<testsuite hostname="DESKTOP-PPMKO0L" failures="0" tests="1" name="com.wipro.AutoSug" time="8.759" errors="0" timestamp="2023-03-24T15:27:40 IST" skipped="0">
  <testcase classname="com.wipro.AutoSug" name="test1" time="8.759"/>
  <system-out/>
</testsuite> <!-- com.wipro.AutoSug -->
