<?xml version="1.0" encoding="UTF-8"?>
<!-- Generated by org.testng.reporters.JUnitReportReporter -->
<testsuite hostname="DESKTOP-PPMKO0L" failures="0" tests="2" name="com.base.DataPrvdr" time="8.674" errors="0" timestamp="2023-04-10T15:45:35 IST" skipped="0">
  <testcase classname="com.base.DataPrvdr" name="tc1" time="3.509"/>
  <system-out/>
  <testcase classname="com.base.DataPrvdr" name="tc1" time="5.165"/>
  <system-out/>
</testsuite> <!-- com.base.DataPrvdr -->
