<?xml version="1.0" encoding="UTF-8"?>
<!-- Generated by org.testng.reporters.JUnitReportReporter -->
<testsuite hostname="DESKTOP-PPMKO0L" failures="0" tests="2" name="com.DD.DatProv" time="12.630" errors="0" timestamp="2023-04-22T11:57:30 IST" skipped="0">
  <testcase classname="com.DD.DatProv" name="sample" time="3.603"/>
  <system-out/>
  <testcase classname="com.DD.DatProv" name="sample" time="9.027"/>
  <system-out/>
</testsuite> <!-- com.DD.DatProv -->
