<?xml version="1.0" encoding="UTF-8"?>
<!-- Generated by org.testng.reporters.JUnitReportReporter -->
<testsuite hostname="DESKTOP-PPMKO0L" failures="0" tests="2" name="com.base.TestNg" time="6.270" errors="0" timestamp="2023-04-10T14:00:52 IST" skipped="0">
  <testcase classname="com.base.TestNg" name="tc1" time="6.102"/>
  <system-out/>
  <testcase classname="com.base.TestNg" name="tc2" time="0.168"/>
  <system-out/>
</testsuite> <!-- com.base.TestNg -->
