<?xml version="1.0" encoding="UTF-8"?>
<!-- Generated by org.testng.reporters.JUnitReportReporter -->
<testsuite hostname="DESKTOP-PPMKO0L" failures="0" tests="1" name="com.wipro.Demo" time="10.383" errors="0" timestamp="2023-03-24T13:25:52 IST" skipped="0">
  <testcase classname="com.wipro.Demo" name="tc" time="10.383"/>
  <system-out/>
</testsuite> <!-- com.wipro.Demo -->
