<?xml version="1.0" encoding="UTF-8"?>
<!-- Generated by org.testng.reporters.JUnitReportReporter -->
<testsuite hostname="DESKTOP-PPMKO0L" failures="0" tests="3" name="com.wipro.Prio" time="0.013" errors="0" timestamp="2023-03-06T11:08:29 IST" skipped="1">
  <testcase classname="com.wipro.Prio" name="test3" time="0.011"/>
  <system-out/>
  <testcase classname="com.wipro.Prio" name="test1" time="0.002"/>
  <system-out/>
  <testcase classname="com.wipro.Prio" name="test2">
    <skipped/>
  </testcase> <!-- test2 -->
  <system-out/>
</testsuite> <!-- com.wipro.Prio -->
