<?xml version="1.0" encoding="UTF-8"?>
<!-- Generated by org.testng.reporters.JUnitReportReporter -->
<testsuite hostname="DESKTOP-PPMKO0L" failures="0" tests="1" name="com.wipro.Sample1" time="5.057" errors="0" timestamp="2023-03-25T21:24:05 IST" skipped="0">
  <testcase classname="com.wipro.Sample1" name="tc" time="5.057"/>
  <system-out/>
</testsuite> <!-- com.wipro.Sample1 -->
