<?xml version="1.0" encoding="UTF-8"?>
<!-- Generated by org.testng.reporters.JUnitReportReporter -->
<testsuite hostname="DESKTOP-PPMKO0L" failures="0" tests="2" name="com.wipro.Sample" time="0.023" errors="0" timestamp="2023-03-04T19:25:53 IST" skipped="0">
  <testcase classname="com.wipro.Sample" name="tc2" time="0.005"/>
  <system-out/>
  <testcase classname="com.wipro.Sample" name="tc1" time="0.018"/>
  <system-out/>
</testsuite> <!-- com.wipro.Sample -->
