<?xml version="1.0" encoding="UTF-8"?>
<!-- Generated by org.testng.reporters.JUnitReportReporter -->
<testsuite hostname="DESKTOP-PPMKO0L" failures="0" tests="4" name="com.wipro.Demo2" time="0.019" errors="0" timestamp="2023-03-25T21:57:24 IST" skipped="0">
  <testcase classname="com.wipro.Demo2" name="tc2" time="0.002"/>
  <system-out/>
  <testcase classname="com.wipro.Demo2" name="tc3" time="0.001"/>
  <system-out/>
  <testcase classname="com.wipro.Demo2" name="tc4" time="0.003"/>
  <system-out/>
  <testcase classname="com.wipro.Demo2" name="tc1" time="0.013"/>
  <system-out/>
</testsuite> <!-- com.wipro.Demo2 -->
