<?xml version="1.0" encoding="UTF-8"?>
<!-- Generated by org.testng.reporters.JUnitReportReporter -->
<testsuite hostname="DESKTOP-PPMKO0L" failures="0" tests="2" name="com.wipro.Assrt" time="8.484" errors="0" timestamp="2023-03-06T09:39:10 IST" skipped="0">
  <testcase classname="com.wipro.Assrt" name="test2" time="3.933"/>
  <system-out/>
  <testcase classname="com.wipro.Assrt" name="test1" time="4.551"/>
  <system-out/>
</testsuite> <!-- com.wipro.Assrt -->
