<?xml version="1.0" encoding="UTF-8"?>
<!-- Generated by org.testng.reporters.JUnitReportReporter -->
<testsuite hostname="DESKTOP-PPMKO0L" failures="0" tests="1" name="com.wipro.Picture" time="10.596" errors="0" timestamp="2023-02-21T20:22:05 PST" skipped="0">
  <testcase classname="com.wipro.Picture" name="t1" time="10.596"/>
  <system-out/>
</testsuite> <!-- com.wipro.Picture -->
