<?xml version="1.0" encoding="UTF-8"?>
<!-- Generated by org.testng.reporters.JUnitReportReporter -->
<testsuite hostname="DESKTOP-PPMKO0L" failures="0" tests="3" name="com.wipro.TstMultiple" time="20.297" errors="0" timestamp="2023-03-06T09:00:17 IST" skipped="0">
  <testcase classname="com.wipro.TstMultiple" name="test1" time="13.319"/>
  <system-out/>
  <testcase classname="com.wipro.TstMultiple" name="test1" time="3.428"/>
  <system-out/>
  <testcase classname="com.wipro.TstMultiple" name="test1" time="3.550"/>
  <system-out/>
</testsuite> <!-- com.wipro.TstMultiple -->
