<?xml version="1.0" encoding="UTF-8"?>
<!-- Generated by org.testng.reporters.JUnitReportReporter -->
<testsuite hostname="DESKTOP-PPMKO0L" failures="0" tests="1" name="com.test.WebPge" time="53.472" errors="0" timestamp="2023-04-18T13:38:16 IST" skipped="0">
  <testcase classname="com.test.WebPge" name="tc1" time="53.472"/>
  <system-out/>
</testsuite> <!-- com.test.WebPge -->
