<?xml version="1.0" encoding="UTF-8"?>
<!-- Generated by org.testng.reporters.JUnitReportReporter -->
<testsuite hostname="DESKTOP-PPMKO0L" failures="0" tests="1" name="com.wipro.TestNg" time="5.762" errors="0" timestamp="2023-02-19T20:32:23 PST" skipped="0">
  <testcase classname="com.wipro.TestNg" name="t1" time="5.762"/>
  <system-out/>
</testsuite> <!-- com.wipro.TestNg -->
