<?xml version="1.0" encoding="UTF-8"?>
<!-- Generated by org.testng.reporters.JUnitReportReporter -->
<testsuite hostname="DESKTOP-PPMKO0L" failures="0" tests="2" name="com.wipro.Demo1" time="0.014" errors="0" timestamp="2023-03-25T21:36:26 IST" skipped="0">
  <testcase classname="com.wipro.Demo1" name="test2" time="0.011"/>
  <system-out/>
  <testcase classname="com.wipro.Demo1" name="test1" time="0.003"/>
  <system-out/>
</testsuite> <!-- com.wipro.Demo1 -->
