<?xml version="1.0" encoding="UTF-8"?>
<!-- Generated by org.testng.reporters.JUnitReportReporter -->
<testsuite hostname="DESKTOP-PPMKO0L" failures="0" tests="1" name="com.wipro.Act" time="13.793" errors="0" timestamp="2023-03-24T13:46:34 IST" skipped="0">
  <testcase classname="com.wipro.Act" name="tc" time="13.793"/>
  <system-out/>
</testsuite> <!-- com.wipro.Act -->
