<?xml version="1.0" encoding="UTF-8"?>
<!-- Generated by org.testng.reporters.JUnitReportReporter -->
<testsuite hostname="DESKTOP-PPMKO0L" failures="0" tests="1" name="com.DD.DataDri" time="0.779" errors="0" timestamp="2023-03-09T10:22:11 IST" skipped="0">
  <testcase classname="com.DD.DataDri" name="tc1" time="0.779"/>
  <system-out/>
</testsuite> <!-- com.DD.DataDri -->
